#
# There is insufficient memory for the Java Runtime Environment to continue.
# Native memory allocation (malloc) failed to allocate 1021296 bytes for Chunk::new
# Possible reasons:
#   The system is out of physical RAM or swap space
#   The process is running with CompressedOops enabled, and the Java Heap may be blocking the growth of the native heap
# Possible solutions:
#   Reduce memory load on the system
#   Increase physical memory or swap space
#   Check if swap backing store is full
#   Decrease Java heap size (-Xmx/-Xms)
#   Decrease number of Java threads
#   Decrease Java thread stack sizes (-Xss)
#   Set larger code cache with -XX:ReservedCodeCacheSize=
#   JVM is running with Unscaled Compressed Oops mode in which the Java heap is
#     placed in the first 4GB address space. The Java Heap base address is the
#     maximum limit for the native heap growth. Please use -XX:HeapBaseMinAddress
#     to set the Java Heap base and to place the Java Heap above 4GB virtual address.
# This output file may be truncated or incomplete.
#
#  Out of Memory Error (allocation.cpp:389), pid=5460, tid=0x00000000000011b4
#
# JRE version: OpenJDK Runtime Environment (8.0_202-b03) (build 1.8.0_202-release-1483-b03)
# Java VM: OpenJDK 64-Bit Server VM (25.202-b03 mixed mode windows-amd64 compressed oops)
# Failed to write core dump. Minidumps are not enabled by default on client versions of Windows
#

---------------  T H R E A D  ---------------

Current thread (0x00000000160aa800):  JavaThread "C2 CompilerThread1" daemon [_thread_in_native, id=4532, stack(0x00000000178f0000,0x00000000179f0000)]

Stack: [0x00000000178f0000,0x00000000179f0000]
[error occurred during error reporting (printing stack bounds), id 0xc0000005]

Native frames: (J=compiled Java code, j=interpreted, Vv=VM code, C=native code)


Current CompileTask:
C2:  14429 5711       4       java.net.URLClassLoader$1::run (5 bytes)


---------------  P R O C E S S  ---------------

Java Threads: ( => current thread )
  0x000000001bf7f000 JavaThread "Memory manager" [_thread_blocked, id=5040, stack(0x0000000022c10000,0x0000000022d10000)]
  0x000000001bf79800 JavaThread "Cache worker for Build Output Cleanup Cache (C:\Diploma\PMS_AIU\.gradle\buildOutputCleanup)" [_thread_blocked, id=6332, stack(0x0000000021f10000,0x0000000022010000)]
  0x000000001bf7e000 JavaThread "Build operations Thread 4" [_thread_blocked, id=5424, stack(0x0000000021810000,0x0000000021910000)]
  0x000000001bf79000 JavaThread "Build operations Thread 3" [_thread_blocked, id=3432, stack(0x0000000021710000,0x0000000021810000)]
  0x000000001bf7d800 JavaThread "Build operations Thread 2" [_thread_blocked, id=1392, stack(0x0000000021610000,0x0000000021710000)]
  0x000000001bf7c800 JavaThread "Build operations" [_thread_blocked, id=5488, stack(0x00000000202a0000,0x00000000203a0000)]
  0x000000001bf7b000 JavaThread "Cache worker for execution history cache (C:\Users\Kalzira\.gradle\caches\5.4.1\executionHistory)" [_thread_blocked, id=3920, stack(0x000000001fda0000,0x000000001fea0000)]
  0x0000000018c31000 JavaThread "Cache worker for cache directory md-rule (C:\Users\Kalzira\.gradle\caches\5.4.1\md-rule)" [_thread_blocked, id=996, stack(0x000000001ea80000,0x000000001eb80000)]
  0x0000000018c33800 JavaThread "Cache worker for cache directory md-supplier (C:\Users\Kalzira\.gradle\caches\5.4.1\md-supplier)" [_thread_blocked, id=4804, stack(0x000000001e3c0000,0x000000001e4c0000)]
  0x0000000018c32800 JavaThread "Cache worker for file hash cache (C:\Diploma\PMS_AIU\.gradle\5.4.1\fileHashes)" [_thread_blocked, id=1440, stack(0x000000001e580000,0x000000001e680000)]
  0x0000000018c34000 JavaThread "Cache worker for journal cache (C:\Users\Kalzira\.gradle\caches\journal-1)" [_thread_blocked, id=5420, stack(0x000000001ad50000,0x000000001ae50000)]
  0x0000000018c30800 JavaThread "File lock request listener" [_thread_in_native, id=588, stack(0x000000001ac50000,0x000000001ad50000)]
  0x0000000018c35000 JavaThread "Cache worker for file hash cache (C:\Users\Kalzira\.gradle\caches\5.4.1\fileHashes)" [_thread_blocked, id=1528, stack(0x000000001ab50000,0x000000001ac50000)]
  0x0000000018e27000 JavaThread "Thread-9" [_thread_blocked, id=6296, stack(0x000000001aa50000,0x000000001ab50000)]
  0x0000000018128000 JavaThread "Stdin handler" [_thread_blocked, id=1124, stack(0x000000001a950000,0x000000001aa50000)]
  0x0000000018127000 JavaThread "Asynchronous log dispatcher for DefaultDaemonConnection: socket connection from /127.0.0.1:51258 to /127.0.0.1:51259" [_thread_blocked, id=464, stack(0x000000001a850000,0x000000001a950000)]
  0x0000000018247000 JavaThread "Daemon worker" [_thread_in_native, id=420, stack(0x000000001a750000,0x000000001a850000)]
  0x0000000018245000 JavaThread "Cancel handler" [_thread_blocked, id=5716, stack(0x000000001a650000,0x000000001a750000)]
  0x00000000182ff800 JavaThread "Handler for socket connection from /127.0.0.1:51258 to /127.0.0.1:51259" [_thread_in_native, id=5988, stack(0x000000001a350000,0x000000001a450000)]
  0x00000000182f9000 JavaThread "Daemon" [_thread_blocked, id=2040, stack(0x000000001a250000,0x000000001a350000)]
  0x00000000182b8800 JavaThread "Daemon periodic checks" [_thread_blocked, id=5480, stack(0x000000001a150000,0x000000001a250000)]
  0x0000000019593000 JavaThread "Incoming local TCP Connector on port 51258" [_thread_in_native, id=6324, stack(0x0000000019f00000,0x000000001a000000)]
  0x000000001957a800 JavaThread "Daemon health stats" [_thread_blocked, id=5564, stack(0x00000000198c0000,0x00000000199c0000)]
  0x0000000017b20800 JavaThread "Service Thread" daemon [_thread_blocked, id=5592, stack(0x0000000017ef0000,0x0000000017ff0000)]
  0x00000000160b4000 JavaThread "C1 CompilerThread2" daemon [_thread_blocked, id=6036, stack(0x00000000179f0000,0x0000000017af0000)]
=>0x00000000160aa800 JavaThread "C2 CompilerThread1" daemon [_thread_in_native, id=4532, stack(0x00000000178f0000,0x00000000179f0000)]
  0x00000000160a2800 JavaThread "C2 CompilerThread0" daemon [_thread_in_native, id=2724, stack(0x00000000177f0000,0x00000000178f0000)]
  0x00000000160a0000 JavaThread "Attach Listener" daemon [_thread_blocked, id=1900, stack(0x00000000176f0000,0x00000000177f0000)]
  0x00000000160a6000 JavaThread "Signal Dispatcher" daemon [_thread_blocked, id=2772, stack(0x00000000175f0000,0x00000000176f0000)]
  0x000000000272a800 JavaThread "Finalizer" daemon [_thread_blocked, id=412, stack(0x00000000172f0000,0x00000000173f0000)]
  0x0000000002720800 JavaThread "Reference Handler" daemon [_thread_blocked, id=6304, stack(0x00000000171f0000,0x00000000172f0000)]
  0x000000000262e000 JavaThread "main" [_thread_blocked, id=904, stack(0x00000000024b0000,0x00000000025b0000)]

Other Threads:
  0x0000000016066800 VMThread [stack: 0x00000000170f0000,0x00000000171f0000] [id=6648]
  0x00000000160fe800 WatcherThread [stack: 0x0000000017ff0000,0x00000000180f0000] [id=5512]

VM state:not at safepoint (normal execution)

VM Mutex/Monitor currently owned by a thread: None

heap address: 0x00000000a0000000, size: 1536 MB, Compressed Oops mode: 32-bit
Narrow klass base: 0x0000000000000000, Narrow klass shift: 3
Compressed class space size: 1073741824 Address: 0x0000000100000000

Heap:
 PSYoungGen      total 180224K, used 21520K [0x00000000e0000000, 0x00000000eca00000, 0x0000000100000000)
  eden space 162304K, 13% used [0x00000000e0000000,0x00000000e1504200,0x00000000e9e80000)
  from space 17920K, 0% used [0x00000000eb000000,0x00000000eb000000,0x00000000ec180000)
  to   space 17920K, 0% used [0x00000000e9e80000,0x00000000e9e80000,0x00000000eb000000)
 ParOldGen       total 93696K, used 31528K [0x00000000a0000000, 0x00000000a5b80000, 0x00000000e0000000)
  object space 93696K, 33% used [0x00000000a0000000,0x00000000a1eca028,0x00000000a5b80000)
 Metaspace       used 58380K, capacity 60466K, committed 60800K, reserved 1101824K
  class space    used 7973K, capacity 8457K, committed 8576K, reserved 1048576K

Card table byte_map: [0x0000000011af0000,0x0000000011e00000] byte_map_base: 0x00000000115f0000

Marking Bits: (ParMarkBitMap*) 0x00000000577d9f30
 Begin Bits: [0x0000000012400000, 0x0000000013c00000)
 End Bits:   [0x0000000013c00000, 0x0000000015400000)

Polling page: 0x0000000002450000

CodeCache: size=245760Kb used=18247Kb max_used=18253Kb free=227512Kb
 bounds [0x0000000002730000, 0x0000000003910000, 0x0000000011730000]
 total_blobs=6122 nmethods=5339 adapters=695
 compilation: enabled

Compilation events (10 events):
Event: 14.269 Thread 0x00000000160aa800 nmethod 5708 0x0000000003907e90 code [0x0000000003907fe0, 0x00000000039080b8]
Event: 14.270 Thread 0x00000000160b4000 5709       3       java.util.Formatter$FixedString::<init> (15 bytes)
Event: 14.271 Thread 0x00000000160b4000 nmethod 5709 0x0000000003907ad0 code [0x0000000003907c20, 0x0000000003907df0]
Event: 14.271 Thread 0x00000000160b4000 5710       3       java.util.Formatter$FixedString::print (18 bytes)
Event: 14.271 Thread 0x00000000160b4000 nmethod 5710 0x000000000390b550 code [0x000000000390b6c0, 0x000000000390b908]
Event: 14.295 Thread 0x00000000160aa800 5711       4       java.net.URLClassLoader$1::run (5 bytes)
Event: 14.349 Thread 0x00000000160b4000 5712       3       java.util.logging.LogManager::getProperty (9 bytes)
Event: 14.349 Thread 0x00000000160b4000 nmethod 5712 0x000000000390b110 code [0x000000000390b280, 0x000000000390b4a8]
Event: 14.350 Thread 0x00000000160b4000 5713       3       java.util.logging.LogManager$LoggerContext::requiresDefaultLoggers (29 bytes)
Event: 14.351 Thread 0x00000000160b4000 nmethod 5713 0x000000000390aa90 code [0x000000000390ac00, 0x000000000390b028]

GC Heap History (10 events):
Event: 7.979 GC heap before
{Heap before GC invocations=11 (full 2):
 PSYoungGen      total 111616K, used 10105K [0x00000000e0000000, 0x00000000e9e00000, 0x0000000100000000)
  eden space 100352K, 0% used [0x00000000e0000000,0x00000000e0000000,0x00000000e6200000)
  from space 11264K, 89% used [0x00000000e6200000,0x00000000e6bde728,0x00000000e6d00000)
  to   space 11776K, 0% used [0x00000000e9280000,0x00000000e9280000,0x00000000e9e00000)
 ParOldGen       total 60928K, used 8422K [0x00000000a0000000, 0x00000000a3b80000, 0x00000000e0000000)
  object space 60928K, 13% used [0x00000000a0000000,0x00000000a0839b20,0x00000000a3b80000)
 Metaspace       used 34523K, capacity 35450K, committed 35456K, reserved 1079296K
  class space    used 4759K, capacity 4991K, committed 4992K, reserved 1048576K
Event: 8.096 GC heap after
Heap after GC invocations=11 (full 2):
 PSYoungGen      total 111616K, used 0K [0x00000000e0000000, 0x00000000e9e00000, 0x0000000100000000)
  eden space 100352K, 0% used [0x00000000e0000000,0x00000000e0000000,0x00000000e6200000)
  from space 11264K, 0% used [0x00000000e6200000,0x00000000e6200000,0x00000000e6d00000)
  to   space 11776K, 0% used [0x00000000e9280000,0x00000000e9280000,0x00000000e9e00000)
 ParOldGen       total 93696K, used 17015K [0x00000000a0000000, 0x00000000a5b80000, 0x00000000e0000000)
  object space 93696K, 18% used [0x00000000a0000000,0x00000000a109dcd8,0x00000000a5b80000)
 Metaspace       used 34523K, capacity 35450K, committed 35456K, reserved 1079296K
  class space    used 4759K, capacity 4991K, committed 4992K, reserved 1048576K
}
Event: 9.879 GC heap before
{Heap before GC invocations=12 (full 2):
 PSYoungGen      total 111616K, used 100352K [0x00000000e0000000, 0x00000000e9e00000, 0x0000000100000000)
  eden space 100352K, 100% used [0x00000000e0000000,0x00000000e6200000,0x00000000e6200000)
  from space 11264K, 0% used [0x00000000e6200000,0x00000000e6200000,0x00000000e6d00000)
  to   space 11776K, 0% used [0x00000000e9280000,0x00000000e9280000,0x00000000e9e00000)
 ParOldGen       total 93696K, used 17015K [0x00000000a0000000, 0x00000000a5b80000, 0x00000000e0000000)
  object space 93696K, 18% used [0x00000000a0000000,0x00000000a109dcd8,0x00000000a5b80000)
 Metaspace       used 44186K, capacity 45382K, committed 45440K, reserved 1089536K
  class space    used 5980K, capacity 6252K, committed 6272K, reserved 1048576K
Event: 9.897 GC heap after
Heap after GC invocations=12 (full 2):
 PSYoungGen      total 140288K, used 11762K [0x00000000e0000000, 0x00000000e9e00000, 0x0000000100000000)
  eden space 128512K, 0% used [0x00000000e0000000,0x00000000e0000000,0x00000000e7d80000)
  from space 11776K, 99% used [0x00000000e9280000,0x00000000e9dfc860,0x00000000e9e00000)
  to   space 13824K, 0% used [0x00000000e8300000,0x00000000e8300000,0x00000000e9080000)
 ParOldGen       total 93696K, used 18313K [0x00000000a0000000, 0x00000000a5b80000, 0x00000000e0000000)
  object space 93696K, 19% used [0x00000000a0000000,0x00000000a11e24e8,0x00000000a5b80000)
 Metaspace       used 44186K, capacity 45382K, committed 45440K, reserved 1089536K
  class space    used 5980K, capacity 6252K, committed 6272K, reserved 1048576K
}
Event: 12.169 GC heap before
{Heap before GC invocations=13 (full 2):
 PSYoungGen      total 140288K, used 140274K [0x00000000e0000000, 0x00000000e9e00000, 0x0000000100000000)
  eden space 128512K, 100% used [0x00000000e0000000,0x00000000e7d80000,0x00000000e7d80000)
  from space 11776K, 99% used [0x00000000e9280000,0x00000000e9dfc860,0x00000000e9e00000)
  to   space 13824K, 0% used [0x00000000e8300000,0x00000000e8300000,0x00000000e9080000)
 ParOldGen       total 93696K, used 18313K [0x00000000a0000000, 0x00000000a5b80000, 0x00000000e0000000)
  object space 93696K, 19% used [0x00000000a0000000,0x00000000a11e24e8,0x00000000a5b80000)
 Metaspace       used 54235K, capacity 56090K, committed 56192K, reserved 1097728K
  class space    used 7348K, capacity 7746K, committed 7808K, reserved 1048576K
Event: 12.194 GC heap after
Heap after GC invocations=13 (full 2):
 PSYoungGen      total 147968K, used 13809K [0x00000000e0000000, 0x00000000ec180000, 0x0000000100000000)
  eden space 134144K, 0% used [0x00000000e0000000,0x00000000e0000000,0x00000000e8300000)
  from space 13824K, 99% used [0x00000000e8300000,0x00000000e907c6f8,0x00000000e9080000)
  to   space 17920K, 0% used [0x00000000eb000000,0x00000000eb000000,0x00000000ec180000)
 ParOldGen       total 93696K, used 25085K [0x00000000a0000000, 0x00000000a5b80000, 0x00000000e0000000)
  object space 93696K, 26% used [0x00000000a0000000,0x00000000a187f548,0x00000000a5b80000)
 Metaspace       used 54235K, capacity 56090K, committed 56192K, reserved 1097728K
  class space    used 7348K, capacity 7746K, committed 7808K, reserved 1048576K
}
Event: 13.720 GC heap before
{Heap before GC invocations=14 (full 2):
 PSYoungGen      total 147968K, used 78198K [0x00000000e0000000, 0x00000000ec180000, 0x0000000100000000)
  eden space 134144K, 47% used [0x00000000e0000000,0x00000000e3ee1458,0x00000000e8300000)
  from space 13824K, 99% used [0x00000000e8300000,0x00000000e907c6f8,0x00000000e9080000)
  to   space 17920K, 0% used [0x00000000eb000000,0x00000000eb000000,0x00000000ec180000)
 ParOldGen       total 93696K, used 25085K [0x00000000a0000000, 0x00000000a5b80000, 0x00000000e0000000)
  object space 93696K, 26% used [0x00000000a0000000,0x00000000a187f548,0x00000000a5b80000)
 Metaspace       used 57052K, capacity 58962K, committed 59096K, reserved 1099776K
  class space    used 7773K, capacity 8232K, committed 8320K, reserved 1048576K
Event: 13.754 GC heap after
Heap after GC invocations=14 (full 2):
 PSYoungGen      total 180224K, used 4678K [0x00000000e0000000, 0x00000000eca00000, 0x0000000100000000)
  eden space 162304K, 0% used [0x00000000e0000000,0x00000000e0000000,0x00000000e9e80000)
  from space 17920K, 26% used [0x00000000eb000000,0x00000000eb491b88,0x00000000ec180000)
  to   space 17920K, 0% used [0x00000000e9e80000,0x00000000e9e80000,0x00000000eb000000)
 ParOldGen       total 93696K, used 37632K [0x00000000a0000000, 0x00000000a5b80000, 0x00000000e0000000)
  object space 93696K, 40% used [0x00000000a0000000,0x00000000a24c0388,0x00000000a5b80000)
 Metaspace       used 57052K, capacity 58962K, committed 59096K, reserved 1099776K
  class space    used 7773K, capacity 8232K, committed 8320K, reserved 1048576K
}
Event: 13.754 GC heap before
{Heap before GC invocations=15 (full 3):
 PSYoungGen      total 180224K, used 4678K [0x00000000e0000000, 0x00000000eca00000, 0x0000000100000000)
  eden space 162304K, 0% used [0x00000000e0000000,0x00000000e0000000,0x00000000e9e80000)
  from space 17920K, 26% used [0x00000000eb000000,0x00000000eb491b88,0x00000000ec180000)
  to   space 17920K, 0% used [0x00000000e9e80000,0x00000000e9e80000,0x00000000eb000000)
 ParOldGen       total 93696K, used 37632K [0x00000000a0000000, 0x00000000a5b80000, 0x00000000e0000000)
  object space 93696K, 40% used [0x00000000a0000000,0x00000000a24c0388,0x00000000a5b80000)
 Metaspace       used 57052K, capacity 58962K, committed 59096K, reserved 1099776K
  class space    used 7773K, capacity 8232K, committed 8320K, reserved 1048576K
Event: 14.136 GC heap after
Heap after GC invocations=15 (full 3):
 PSYoungGen      total 180224K, used 0K [0x00000000e0000000, 0x00000000eca00000, 0x0000000100000000)
  eden space 162304K, 0% used [0x00000000e0000000,0x00000000e0000000,0x00000000e9e80000)
  from space 17920K, 0% used [0x00000000eb000000,0x00000000eb000000,0x00000000ec180000)
  to   space 17920K, 0% used [0x00000000e9e80000,0x00000000e9e80000,0x00000000eb000000)
 ParOldGen       total 93696K, used 31528K [0x00000000a0000000, 0x00000000a5b80000, 0x00000000e0000000)
  object space 93696K, 33% used [0x00000000a0000000,0x00000000a1eca028,0x00000000a5b80000)
 Metaspace       used 57050K, capacity 58956K, committed 59096K, reserved 1099776K
  class space    used 7772K, capacity 8231K, committed 8320K, reserved 1048576K
}

Deoptimization events (10 events):
Event: 13.271 Thread 0x0000000018247000 Uncommon trap: reason=unstable_if action=reinterpret pc=0x00000000037c9cd4 method=org.gradle.api.internal.project.taskfactory.DefaultTaskClassInfoStore.createTaskAction(Ljava/lang/Class;Ljava/lang/reflect/Method;Ljava/util/Map;)Lorg/gradle/api/internal/pr
Event: 13.409 Thread 0x0000000018247000 Uncommon trap: reason=unstable_if action=reinterpret pc=0x00000000034766a0 method=groovy.lang.MetaClassImpl.checkIfStdMethod(Lgroovy/lang/MetaMethod;)V @ 55
Event: 13.410 Thread 0x0000000018247000 Uncommon trap: reason=unstable_if action=reinterpret pc=0x0000000003466d78 method=groovy.lang.MetaClassImpl.checkIfStdMethod(Lgroovy/lang/MetaMethod;)V @ 55
Event: 13.572 Thread 0x0000000018247000 Uncommon trap: reason=unstable_if action=reinterpret pc=0x000000000355d068 method=java.util.concurrent.ConcurrentHashMap.get(Ljava/lang/Object;)Ljava/lang/Object; @ 152
Event: 13.709 Thread 0x0000000018247000 Uncommon trap: reason=class_check action=maybe_recompile pc=0x0000000002d5f500 method=java.lang.Throwable.<init>(Ljava/lang/String;Ljava/lang/Throwable;)V @ 24
Event: 13.709 Thread 0x0000000018247000 Uncommon trap: reason=class_check action=maybe_recompile pc=0x0000000002d5f500 method=java.lang.Throwable.<init>(Ljava/lang/String;Ljava/lang/Throwable;)V @ 24
Event: 14.242 Thread 0x0000000018247000 Uncommon trap: reason=bimorphic action=maybe_recompile pc=0x00000000033efdd4 method=java.util.regex.Pattern$5.isSatisfiedBy(I)Z @ 16
Event: 14.242 Thread 0x0000000018247000 Uncommon trap: reason=bimorphic action=maybe_recompile pc=0x00000000033efdd4 method=java.util.regex.Pattern$5.isSatisfiedBy(I)Z @ 16
Event: 14.242 Thread 0x0000000018247000 Uncommon trap: reason=bimorphic action=maybe_recompile pc=0x00000000033efdd4 method=java.util.regex.Pattern$5.isSatisfiedBy(I)Z @ 16
Event: 14.242 Thread 0x0000000018247000 Uncommon trap: reason=bimorphic action=maybe_recompile pc=0x00000000033efdd4 method=java.util.regex.Pattern$5.isSatisfiedBy(I)Z @ 16

Classes redefined (0 events):
No events

Internal exceptions (10 events):
Event: 13.402 Thread 0x0000000018247000 Exception <a 'java/security/PrivilegedActionException'> (0x00000000e2a7b3c0) thrown at [D:\src\AOSP-openjdk-cygwin\jdk8u\hotspot\src\share\vm\prims\jvm.cpp, line 1508]
Event: 13.403 Thread 0x0000000018247000 Exception <a 'java/security/PrivilegedActionException'> (0x00000000e2a88330) thrown at [D:\src\AOSP-openjdk-cygwin\jdk8u\hotspot\src\share\vm\prims\jvm.cpp, line 1508]
Event: 13.403 Thread 0x0000000018247000 Exception <a 'java/security/PrivilegedActionException'> (0x00000000e2a88ec8) thrown at [D:\src\AOSP-openjdk-cygwin\jdk8u\hotspot\src\share\vm\prims\jvm.cpp, line 1508]
Event: 13.403 Thread 0x0000000018247000 Exception <a 'java/lang/ClassNotFoundException': org/codehaus/groovy/runtime/GStringImplCustomizer> (0x00000000e2a8d9e8) thrown at [D:\src\AOSP-openjdk-cygwin\jdk8u\hotspot\src\share\vm\classfile\systemDictionary.cpp, line 210]
Event: 13.410 Thread 0x0000000018247000 Exception <a 'java/lang/ClassNotFoundException': org/gradle/api/internal/plugins/DefaultConventionBeanInfo> (0x00000000e2aecb98) thrown at [D:\src\AOSP-openjdk-cygwin\jdk8u\hotspot\src\share\vm\classfile\systemDictionary.cpp, line 210]
Event: 13.411 Thread 0x0000000018247000 Exception <a 'java/lang/ClassNotFoundException': org/gradle/internal/extensibility/DefaultConventionBeanInfo> (0x00000000e2b04d10) thrown at [D:\src\AOSP-openjdk-cygwin\jdk8u\hotspot\src\share\vm\classfile\systemDictionary.cpp, line 210]
Event: 13.411 Thread 0x0000000018247000 Exception <a 'java/lang/ClassNotFoundException': org/gradle/internal/extensibility/DefaultConventionCustomizer> (0x00000000e2b1d318) thrown at [D:\src\AOSP-openjdk-cygwin\jdk8u\hotspot\src\share\vm\classfile\systemDictionary.cpp, line 210]
Event: 13.415 Thread 0x0000000018247000 Exception <a 'java/lang/ClassNotFoundException': org/gradle/api/internal/plugins/DefaultConventionCustomizer> (0x00000000e2b5c960) thrown at [D:\src\AOSP-openjdk-cygwin\jdk8u\hotspot\src\share\vm\classfile\systemDictionary.cpp, line 210]
Event: 14.279 Thread 0x0000000018247000 Exception <a 'java/lang/ClassNotFoundException': com/sun/org/glassfish/hk2/osgiresourcelocator/ServiceLoader> (0x00000000e09c96c8) thrown at [D:\src\AOSP-openjdk-cygwin\jdk8u\hotspot\src\share\vm\classfile\systemDictionary.cpp, line 210]
Event: 14.348 Thread 0x0000000018247000 Exception <a 'java/lang/NullPointerException'> (0x00000000e0eb34f8) thrown at [D:\src\AOSP-openjdk-cygwin\jdk8u\hotspot\src\share\vm\interpreter\linkResolver.cpp, line 1287]

Events (10 events):
Event: 14.425 loading class com/sun/xml/bind/v2/model/annotation/XmlElementQuick
Event: 14.425 loading class com/sun/xml/bind/v2/model/annotation/XmlElementQuick done
Event: 14.425 loading class javax/xml/bind/annotation/XmlElement
Event: 14.425 loading class javax/xml/bind/annotation/XmlElement done
Event: 14.425 loading class com/sun/xml/bind/v2/model/annotation/XmlElementDeclQuick
Event: 14.425 loading class com/sun/xml/bind/v2/model/annotation/XmlElementDeclQuick done
Event: 14.426 loading class javax/xml/bind/annotation/XmlElementDecl
Event: 14.427 loading class javax/xml/bind/annotation/XmlElementDecl done
Event: 14.427 loading class com/sun/xml/bind/v2/model/annotation/XmlElementRefQuick
Event: 14.427 loading class com/sun/xml/bind/v2/model/annotation/XmlElementRefQuick done


Dynamic libraries:
0x00007ff7413e0000 - 0x00007ff741411000 	C:\Program Files\Android\Android Studio\jre\bin\java.exe
0x00007ffcdb900000 - 0x00007ffcdbaf0000 	C:\Windows\SYSTEM32\ntdll.dll
0x00007ffcd9bc0000 - 0x00007ffcd9c72000 	C:\Windows\System32\KERNEL32.DLL
0x00007ffcd8ba0000 - 0x00007ffcd8e43000 	C:\Windows\System32\KERNELBASE.dll
0x00007ffcdaf40000 - 0x00007ffcdafe3000 	C:\Windows\System32\ADVAPI32.dll
0x00007ffcd9d50000 - 0x00007ffcd9dee000 	C:\Windows\System32\msvcrt.dll
0x00007ffcdb240000 - 0x00007ffcdb2d7000 	C:\Windows\System32\sechost.dll
0x00007ffcd9df0000 - 0x00007ffcd9f10000 	C:\Windows\System32\RPCRT4.dll
0x00007ffcdb000000 - 0x00007ffcdb194000 	C:\Windows\System32\USER32.dll
0x00007ffcd8e50000 - 0x00007ffcd8e71000 	C:\Windows\System32\win32u.dll
0x00007ffcdadb0000 - 0x00007ffcdadd6000 	C:\Windows\System32\GDI32.dll
0x00007ffcd8a00000 - 0x00007ffcd8b94000 	C:\Windows\System32\gdi32full.dll
0x00007ffcd8e80000 - 0x00007ffcd8f1e000 	C:\Windows\System32\msvcp_win.dll
0x00007ffcd8890000 - 0x00007ffcd898a000 	C:\Windows\System32\ucrtbase.dll
0x00007ffcc89e0000 - 0x00007ffcc8c65000 	C:\Windows\WinSxS\amd64_microsoft.windows.common-controls_6595b64144ccf1df_6.0.18362.592_none_e6c0b1911312be02\COMCTL32.dll
0x00007ffcdb2e0000 - 0x00007ffcdb616000 	C:\Windows\System32\combase.dll
0x00007ffcd9900000 - 0x00007ffcd9980000 	C:\Windows\System32\bcryptPrimitives.dll
0x00007ffcda5e0000 - 0x00007ffcda60e000 	C:\Windows\System32\IMM32.DLL
0x0000000056e50000 - 0x0000000056f22000 	C:\Program Files\Android\Android Studio\jre\jre\bin\msvcr100.dll
0x0000000057010000 - 0x0000000057856000 	C:\Program Files\Android\Android Studio\jre\jre\bin\server\jvm.dll
0x00007ffcdb690000 - 0x00007ffcdb698000 	C:\Windows\System32\PSAPI.DLL
0x00007ffcd5170000 - 0x00007ffcd5179000 	C:\Windows\SYSTEM32\WSOCK32.dll
0x00007ffcdb850000 - 0x00007ffcdb8bf000 	C:\Windows\System32\WS2_32.dll
0x00007ffcd6780000 - 0x00007ffcd67a4000 	C:\Windows\SYSTEM32\WINMM.dll
0x00007ffcd2fb0000 - 0x00007ffcd2fba000 	C:\Windows\SYSTEM32\VERSION.dll
0x00007ffcd6300000 - 0x00007ffcd632d000 	C:\Windows\SYSTEM32\WINMMBASE.dll
0x00007ffcd8990000 - 0x00007ffcd89da000 	C:\Windows\System32\cfgmgr32.dll
0x00007ffcd4350000 - 0x00007ffcd435f000 	C:\Program Files\Android\Android Studio\jre\jre\bin\verify.dll
0x00007ffcc9190000 - 0x00007ffcc91b9000 	C:\Program Files\Android\Android Studio\jre\jre\bin\java.dll
0x00007ffcd3e30000 - 0x00007ffcd3e46000 	C:\Program Files\Android\Android Studio\jre\jre\bin\zip.dll
0x00007ffcda610000 - 0x00007ffcdacf5000 	C:\Windows\System32\SHELL32.dll
0x00007ffcda530000 - 0x00007ffcda5d9000 	C:\Windows\System32\shcore.dll
0x00007ffcd8f20000 - 0x00007ffcd969f000 	C:\Windows\System32\windows.storage.dll
0x00007ffcd8830000 - 0x00007ffcd884f000 	C:\Windows\System32\profapi.dll
0x00007ffcd87e0000 - 0x00007ffcd882a000 	C:\Windows\System32\powrprof.dll
0x00007ffcd87d0000 - 0x00007ffcd87e0000 	C:\Windows\System32\UMPDC.dll
0x00007ffcdb630000 - 0x00007ffcdb682000 	C:\Windows\System32\shlwapi.dll
0x00007ffcd8850000 - 0x00007ffcd8861000 	C:\Windows\System32\kernel.appcore.dll
0x00007ffcd89e0000 - 0x00007ffcd89f7000 	C:\Windows\System32\cryptsp.dll
0x00007ffcd0c60000 - 0x00007ffcd0c7a000 	C:\Program Files\Android\Android Studio\jre\jre\bin\net.dll
0x00007ffcd8040000 - 0x00007ffcd80a7000 	C:\Windows\system32\mswsock.dll
0x00007ffcc9170000 - 0x00007ffcc9181000 	C:\Program Files\Android\Android Studio\jre\jre\bin\nio.dll
0x00007ffcc2da0000 - 0x00007ffcc2dc6000 	C:\Users\Kalzira\.gradle\native\29\windows-amd64\native-platform.dll
0x00007ffcd3600000 - 0x00007ffcd360d000 	C:\Program Files\Android\Android Studio\jre\jre\bin\management.dll
0x00007ffcd7b50000 - 0x00007ffcd7b83000 	C:\Windows\system32\rsaenh.dll
0x00007ffcd9980000 - 0x00007ffcd99a6000 	C:\Windows\System32\bcrypt.dll
0x00007ffcd86c0000 - 0x00007ffcd86e5000 	C:\Windows\SYSTEM32\USERENV.dll
0x00007ffcd8210000 - 0x00007ffcd821c000 	C:\Windows\SYSTEM32\CRYPTBASE.dll
0x00007ffcd7cf0000 - 0x00007ffcd7d2a000 	C:\Windows\SYSTEM32\IPHLPAPI.DLL
0x00007ffcdb620000 - 0x00007ffcdb628000 	C:\Windows\System32\NSI.dll
0x00007ffcce590000 - 0x00007ffcce5a6000 	C:\Windows\SYSTEM32\dhcpcsvc6.DLL
0x00007ffcd0780000 - 0x00007ffcd079c000 	C:\Windows\SYSTEM32\dhcpcsvc.DLL
0x00007ffcd7d90000 - 0x00007ffcd7e5a000 	C:\Windows\SYSTEM32\DNSAPI.dll

VM Arguments:
jvm_args: -Xmx1536m -Dfile.encoding=windows-1251 -Duser.country=RU -Duser.language=ru -Duser.variant 
java_command: org.gradle.launcher.daemon.bootstrap.GradleDaemon 5.4.1
java_class_path (initial): C:\Users\Kalzira\.gradle\wrapper\dists\gradle-5.4.1-all\3221gyojl5jsh0helicew7rwx\gradle-5.4.1\lib\gradle-launcher-5.4.1.jar
Launcher Type: SUN_STANDARD

Environment Variables:
PATH=C:\Program Files (x86)\Common Files\Oracle\Java\javapath;C:\Windows\system32;C:\Windows;C:\Windows\System32\Wbem;C:\Windows\System32\WindowsPowerShell\v1.0\;C:\Users\Kalzira\AppData\Local\Microsoft\WindowsApps;
USERNAME=Kalzira
OS=Windows_NT
PROCESSOR_IDENTIFIER=Intel64 Family 6 Model 142 Stepping 10, GenuineIntel



---------------  S Y S T E M  ---------------

OS: Windows 10.0 , 64 bit Build 18362 (10.0.18362.329)

CPU:total 4 (initial active 4) (2 cores per cpu, 2 threads per core) family 6 model 142 stepping 10, cmov, cx8, fxsr, mmx, sse, sse2, sse3, ssse3, sse4.1, sse4.2, popcnt, avx, avx2, aes, clmul, erms, 3dnowpref, lzcnt, ht, tsc, tscinvbit, bmi1, bmi2, adx

Memory: 4k page, physical 8295652k(1361956k free), swap 8295652k(5432k free)

vm_info: OpenJDK 64-Bit Server VM (25.202-b03) for windows-amd64 JRE (1.8.0_202-release-1483-b03), built by "builder" with MS VC++ 10.0 (VS2010)

time: Fri Feb 28 21:11:58 2020
timezone: RTZ 2 (зима)
elapsed time: 14 seconds (0d 0h 0m 14s)

