#
# There is insufficient memory for the Java Runtime Environment to continue.
# Native memory allocation (malloc) failed to allocate 131088 bytes for Chunk::new
# Possible reasons:
#   The system is out of physical RAM or swap space
#   The process is running with CompressedOops enabled, and the Java Heap may be blocking the growth of the native heap
# Possible solutions:
#   Reduce memory load on the system
#   Increase physical memory or swap space
#   Check if swap backing store is full
#   Decrease Java heap size (-Xmx/-Xms)
#   Decrease number of Java threads
#   Decrease Java thread stack sizes (-Xss)
#   Set larger code cache with -XX:ReservedCodeCacheSize=
#   JVM is running with Unscaled Compressed Oops mode in which the Java heap is
#     placed in the first 4GB address space. The Java Heap base address is the
#     maximum limit for the native heap growth. Please use -XX:HeapBaseMinAddress
#     to set the Java Heap base and to place the Java Heap above 4GB virtual address.
# This output file may be truncated or incomplete.
#
#  Out of Memory Error (allocation.cpp:389), pid=3848, tid=0x0000000000001b1c
#
# JRE version: OpenJDK Runtime Environment (8.0_202-b03) (build 1.8.0_202-release-1483-b03)
# Java VM: OpenJDK 64-Bit Server VM (25.202-b03 mixed mode windows-amd64 compressed oops)
# Failed to write core dump. Minidumps are not enabled by default on client versions of Windows
#

---------------  T H R E A D  ---------------

Current thread (0x00000000168e1000):  JavaThread "C2 CompilerThread0" daemon [_thread_in_native, id=6940, stack(0x0000000017f40000,0x0000000018040000)]

Stack: [0x0000000017f40000,0x0000000018040000]
[error occurred during error reporting (printing stack bounds), id 0xc0000005]

Native frames: (J=compiled Java code, j=interpreted, Vv=VM code, C=native code)


Current CompileTask:
C2: 602978 17919 %     4       com.android.tools.r8.ir.regalloc.LinearScanRegisterAllocator::a @ 2036 (3743 bytes)


---------------  P R O C E S S  ---------------

Java Threads: ( => current thread )
  0x000000001b90c800 JavaThread "WorkerExecutor Queue Thread 7" [_thread_blocked, id=2484, stack(0x0000000025fe0000,0x00000000260e0000)]
  0x000000001b913000 JavaThread "WorkerExecutor Queue Thread 6" [_thread_blocked, id=1772, stack(0x00000000255e0000,0x00000000256e0000)]
  0x000000001b90d000 JavaThread "ForkJoinPool.commonPool-worker-0" daemon [_thread_blocked, id=2192, stack(0x0000000026840000,0x0000000026940000)]
  0x000000001b90f800 JavaThread "Cache worker for Java compile cache (C:\Diploma\PMS_AIU\.gradle\5.4.1\javaCompile)" [_thread_blocked, id=7920, stack(0x0000000026140000,0x0000000026240000)]
  0x000000001b911800 JavaThread "Cache worker for Java compile cache (C:\Users\Kalzira\.gradle\caches\5.4.1\javaCompile)" [_thread_blocked, id=2200, stack(0x0000000024a60000,0x0000000024b60000)]
  0x000000001b90b800 JavaThread "WorkerExecutor Queue Thread 5" [_thread_blocked, id=3780, stack(0x0000000025ee0000,0x0000000025fe0000)]
  0x000000001b90b000 JavaThread "stdout" [_thread_in_native, id=2056, stack(0x0000000025de0000,0x0000000025ee0000)]
  0x000000001fcd3800 JavaThread "stderr" [_thread_in_native, id=2980, stack(0x0000000025ce0000,0x0000000025de0000)]
  0x000000001927c800 JavaThread "stdout" [_thread_in_native, id=6704, stack(0x0000000025be0000,0x0000000025ce0000)]
  0x0000000019275800 JavaThread "stderr" [_thread_in_native, id=2372, stack(0x0000000025ae0000,0x0000000025be0000)]
  0x000000001d133800 JavaThread "stdout" [_thread_in_native, id=6068, stack(0x00000000259e0000,0x0000000025ae0000)]
  0x000000001d131000 JavaThread "stderr" [_thread_in_native, id=7912, stack(0x00000000258e0000,0x00000000259e0000)]
  0x000000001d130800 JavaThread "stdout" [_thread_in_native, id=5652, stack(0x00000000257e0000,0x00000000258e0000)]
  0x000000001d132800 JavaThread "stderr" [_thread_in_native, id=1908, stack(0x00000000256e0000,0x00000000257e0000)]
  0x000000001d12f800 JavaThread "pool-6-thread-1" [_thread_blocked, id=6412, stack(0x0000000024960000,0x0000000024a60000)]
  0x000000001d127800 JavaThread "WorkerExecutor Queue Thread 3" [_thread_blocked, id=7652, stack(0x0000000024cb0000,0x0000000024db0000)]
  0x000000001d12e000 JavaThread "WorkerExecutor Queue Thread 2" [_thread_in_native, id=7948, stack(0x0000000024bb0000,0x0000000024cb0000)]
  0x000000001d126000 JavaThread "Cache worker for execution history cache (C:\Diploma\PMS_AIU\.gradle\5.4.1\executionHistory)" [_thread_blocked, id=5924, stack(0x0000000024660000,0x0000000024760000)]
  0x000000001d124800 JavaThread "Execution worker for ':' Thread 3" [_thread_in_native, id=7448, stack(0x0000000024560000,0x0000000024660000)]
  0x000000001d12b000 JavaThread "Execution worker for ':' Thread 2" [_thread_in_Java, id=1528, stack(0x0000000024460000,0x0000000024560000)]
  0x000000001d128000 JavaThread "Execution worker for ':'" [_thread_in_Java, id=6140, stack(0x0000000024360000,0x0000000024460000)]
  0x000000001fcda800 JavaThread "Cache worker for file content cache (C:\Diploma\PMS_AIU\.gradle\5.4.1\fileContent)" [_thread_blocked, id=5256, stack(0x0000000024060000,0x0000000024160000)]
  0x000000001fcd9800 JavaThread "Cache worker for Build Output Cleanup Cache (C:\Diploma\PMS_AIU\.gradle\buildOutputCleanup)" [_thread_blocked, id=4560, stack(0x0000000023f60000,0x0000000024060000)]
  0x000000001fcd1800 JavaThread "Build operations Thread 4" [_thread_blocked, id=716, stack(0x0000000020cc0000,0x0000000020dc0000)]
  0x000000001fcd8000 JavaThread "Build operations Thread 3" [_thread_blocked, id=1192, stack(0x0000000020bc0000,0x0000000020cc0000)]
  0x000000001fcd7800 JavaThread "Build operations Thread 2" [_thread_blocked, id=5132, stack(0x0000000020ac0000,0x0000000020bc0000)]
  0x000000001fcd6800 JavaThread "Build operations" [_thread_blocked, id=4392, stack(0x00000000209c0000,0x0000000020ac0000)]
  0x000000001fccf000 JavaThread "Cache worker for cache directory md-rule (C:\Users\Kalzira\.gradle\caches\5.4.1\md-rule)" [_thread_blocked, id=3872, stack(0x00000000203c0000,0x00000000204c0000)]
  0x000000001fcd6000 JavaThread "Cache worker for cache directory md-supplier (C:\Users\Kalzira\.gradle\caches\5.4.1\md-supplier)" [_thread_blocked, id=1484, stack(0x000000001f070000,0x000000001f170000)]
  0x000000001fcce800 JavaThread "Cache worker for file hash cache (C:\Diploma\PMS_AIU\.gradle\5.4.1\fileHashes)" [_thread_blocked, id=2256, stack(0x000000001ed70000,0x000000001ee70000)]
  0x000000001fcd5000 JavaThread "Thread-59" [_thread_blocked, id=2708, stack(0x000000001b1a0000,0x000000001b2a0000)]
  0x000000001fcd4800 JavaThread "Stdin handler" [_thread_blocked, id=6672, stack(0x000000001aea0000,0x000000001afa0000)]
  0x000000001fcd0800 JavaThread "Asynchronous log dispatcher for DefaultDaemonConnection: socket connection from /127.0.0.1:49745 to /127.0.0.1:49900" [_thread_blocked, id=7968, stack(0x000000001ada0000,0x000000001aea0000)]
  0x000000001fcd2000 JavaThread "Daemon worker Thread 3" [_thread_blocked, id=7492, stack(0x000000001aaa0000,0x000000001aba0000)]
  0x000000001fccd800 JavaThread "Cancel handler" [_thread_blocked, id=6964, stack(0x000000001a9a0000,0x000000001aaa0000)]
  0x000000001fccd000 JavaThread "Handler for socket connection from /127.0.0.1:49745 to /127.0.0.1:49900" [_thread_in_native, id=7784, stack(0x0000000002c00000,0x0000000002d00000)]
  0x000000001fcd0000 JavaThread "Daemon Thread 3" [_thread_blocked, id=700, stack(0x0000000001160000,0x0000000001260000)]
  0x000000001fcd3000 JavaThread "MarlinRenderer Disposer" daemon [_thread_blocked, id=1752, stack(0x00000000251e0000,0x00000000252e0000)]
  0x000000001fccb800 JavaThread "Java2D Disposer" daemon [_thread_blocked, id=4124, stack(0x0000000024e60000,0x0000000024f60000)]
  0x000000001927c000 JavaThread "Cache worker for file content cache (C:\Users\Kalzira\.gradle\caches\5.4.1\fileContent)" [_thread_blocked, id=4076, stack(0x0000000022670000,0x0000000022770000)]
  0x000000001d12c800 JavaThread "Memory manager" [_thread_blocked, id=7132, stack(0x0000000023370000,0x0000000023470000)]
  0x000000001d129000 JavaThread "Cache worker for execution history cache (C:\Users\Kalzira\.gradle\caches\5.4.1\executionHistory)" [_thread_blocked, id=2252, stack(0x00000000204c0000,0x00000000205c0000)]
  0x0000000019279800 JavaThread "Cache worker for journal cache (C:\Users\Kalzira\.gradle\caches\journal-1)" [_thread_blocked, id=4452, stack(0x000000001b4a0000,0x000000001b5a0000)]
  0x0000000019277000 JavaThread "File lock request listener" [_thread_in_native, id=7680, stack(0x000000001b3a0000,0x000000001b4a0000)]
  0x0000000019276800 JavaThread "Cache worker for file hash cache (C:\Users\Kalzira\.gradle\caches\5.4.1\fileHashes)" [_thread_blocked, id=4380, stack(0x000000001b2a0000,0x000000001b3a0000)]
  0x00000000185e0000 JavaThread "Daemon periodic checks" [_thread_blocked, id=7120, stack(0x000000001a8a0000,0x000000001a9a0000)]
  0x0000000018600800 JavaThread "Incoming local TCP Connector on port 49745" [_thread_in_native, id=7116, stack(0x000000001a650000,0x000000001a750000)]
  0x000000001970c800 JavaThread "Daemon health stats" [_thread_blocked, id=7028, stack(0x000000001a010000,0x000000001a110000)]
  0x0000000018270800 JavaThread "Service Thread" daemon [_thread_blocked, id=7036, stack(0x0000000018640000,0x0000000018740000)]
  0x00000000168f5000 JavaThread "C1 CompilerThread2" daemon [_thread_blocked, id=6944, stack(0x0000000018140000,0x0000000018240000)]
  0x00000000168e9000 JavaThread "C2 CompilerThread1" daemon [_thread_in_vm, id=6976, stack(0x0000000018040000,0x0000000018140000)]
=>0x00000000168e1000 JavaThread "C2 CompilerThread0" daemon [_thread_in_native, id=6940, stack(0x0000000017f40000,0x0000000018040000)]
  0x00000000168df800 JavaThread "Attach Listener" daemon [_thread_blocked, id=6920, stack(0x0000000017e40000,0x0000000017f40000)]
  0x00000000168e6000 JavaThread "Signal Dispatcher" daemon [_thread_blocked, id=6916, stack(0x0000000017d40000,0x0000000017e40000)]
  0x0000000002f6b000 JavaThread "Finalizer" daemon [_thread_blocked, id=6924, stack(0x0000000017b40000,0x0000000017c40000)]
  0x00000000168c9000 JavaThread "Reference Handler" daemon [_thread_blocked, id=3472, stack(0x0000000017a40000,0x0000000017b40000)]
  0x0000000000f5d800 JavaThread "main" [_thread_blocked, id=7596, stack(0x0000000002d70000,0x0000000002e70000)]

Other Threads:
  0x00000000168a5800 VMThread [stack: 0x0000000017940000,0x0000000017a40000] [id=4428]
  0x00000000168f7000 WatcherThread [stack: 0x0000000018740000,0x0000000018840000] [id=7032]

VM state:not at safepoint (normal execution)

VM Mutex/Monitor currently owned by a thread: None

heap address: 0x00000000a0000000, size: 1536 MB, Compressed Oops mode: 32-bit
Narrow klass base: 0x0000000000000000, Narrow klass shift: 3
Compressed class space size: 1073741824 Address: 0x0000000100000000

Heap:
 PSYoungGen      total 487936K, used 242984K [0x00000000e0000000, 0x0000000100000000, 0x0000000100000000)
  eden space 458752K, 47% used [0x00000000e0000000,0x00000000ed414e88,0x00000000fc000000)
  from space 29184K, 88% used [0x00000000fe380000,0x00000000ffcb5388,0x0000000100000000)
  to   space 32768K, 0% used [0x00000000fc000000,0x00000000fc000000,0x00000000fe000000)
 ParOldGen       total 126976K, used 55230K [0x00000000a0000000, 0x00000000a7c00000, 0x00000000e0000000)
  object space 126976K, 43% used [0x00000000a0000000,0x00000000a35ef898,0x00000000a7c00000)
 Metaspace       used 91611K, capacity 95846K, committed 96128K, reserved 1132544K
  class space    used 11790K, capacity 12594K, committed 12672K, reserved 1048576K

Card table byte_map: [0x0000000012330000,0x0000000012640000] byte_map_base: 0x0000000011e30000

Marking Bits: (ParMarkBitMap*) 0x0000000072339f30
 Begin Bits: [0x0000000012c40000, 0x0000000014440000)
 End Bits:   [0x0000000014440000, 0x0000000015c40000)

Polling page: 0x0000000000f20000

CodeCache: size=245760Kb used=50170Kb max_used=50506Kb free=195589Kb
 bounds [0x0000000002f70000, 0x0000000006130000, 0x0000000011f70000]
 total_blobs=16184 nmethods=15216 adapters=878
 compilation: enabled

Compilation events (10 events):
Event: 602.747 Thread 0x00000000168f5000 18043       2       java.util.IdentityHashMap$IdentityHashMapSpliterator::getFence (47 bytes)
Event: 602.747 Thread 0x00000000168f5000 nmethod 18043 0x00000000060eaed0 code [0x00000000060eb020, 0x00000000060eb190]
Event: 602.748 Thread 0x00000000168f5000 18044       2       com.android.tools.r8.n.a.a.a.h.f::<init> (5 bytes)
Event: 602.748 Thread 0x00000000168f5000 nmethod 18044 0x00000000060eab90 code [0x00000000060eace0, 0x00000000060eae30]
Event: 602.805 Thread 0x00000000168f5000 18045       2       com.android.tools.r8.ir.code.i0::<init> (7 bytes)
Event: 602.806 Thread 0x00000000168f5000 nmethod 18045 0x00000000060ea810 code [0x00000000060ea980, 0x00000000060eaae8]
Event: 602.830 Thread 0x00000000168e9000 nmethod 17618 0x000000000610c810 code [0x000000000610d320, 0x00000000061171e0]
Event: 602.830 Thread 0x00000000168e9000 17925       4       com.android.tools.r8.graph.DexMethod::a (115 bytes)
Event: 602.960 Thread 0x00000000168e9000 nmethod 17925 0x0000000005242dd0 code [0x00000000052430a0, 0x00000000052458e0]
Event: 602.960 Thread 0x00000000168e9000 17368       4       com.android.tools.r8.ir.conversion.N::buildInstruction (368 bytes)

GC Heap History (10 events):
Event: 584.153 GC heap before
{Heap before GC invocations=17 (full 3):
 PSYoungGen      total 285184K, used 285157K [0x00000000e0000000, 0x00000000f9b00000, 0x0000000100000000)
  eden space 263168K, 100% used [0x00000000e0000000,0x00000000f0100000,0x00000000f0100000)
  from space 22016K, 99% used [0x00000000f0100000,0x00000000f1679758,0x00000000f1680000)
  to   space 29696K, 0% used [0x00000000f7e00000,0x00000000f7e00000,0x00000000f9b00000)
 ParOldGen       total 126976K, used 43138K [0x00000000a0000000, 0x00000000a7c00000, 0x00000000e0000000)
  object space 126976K, 33% used [0x00000000a0000000,0x00000000a2a20810,0x00000000a7c00000)
 Metaspace       used 74771K, capacity 77980K, committed 78208K, reserved 1118208K
  class space    used 9713K, capacity 10363K, committed 10368K, reserved 1048576K
Event: 584.191 GC heap after
Heap after GC invocations=17 (full 3):
 PSYoungGen      total 382976K, used 5744K [0x00000000e0000000, 0x00000000f9680000, 0x0000000100000000)
  eden space 357888K, 0% used [0x00000000e0000000,0x00000000e0000000,0x00000000f5d80000)
  from space 25088K, 22% used [0x00000000f7e00000,0x00000000f839c0a8,0x00000000f9680000)
  to   space 29184K, 0% used [0x00000000f5d80000,0x00000000f5d80000,0x00000000f7a00000)
 ParOldGen       total 126976K, used 47995K [0x00000000a0000000, 0x00000000a7c00000, 0x00000000e0000000)
  object space 126976K, 37% used [0x00000000a0000000,0x00000000a2edede0,0x00000000a7c00000)
 Metaspace       used 74771K, capacity 77980K, committed 78208K, reserved 1118208K
  class space    used 9713K, capacity 10363K, committed 10368K, reserved 1048576K
}
Event: 589.299 GC heap before
{Heap before GC invocations=18 (full 3):
 PSYoungGen      total 382976K, used 363632K [0x00000000e0000000, 0x00000000f9680000, 0x0000000100000000)
  eden space 357888K, 100% used [0x00000000e0000000,0x00000000f5d80000,0x00000000f5d80000)
  from space 25088K, 22% used [0x00000000f7e00000,0x00000000f839c0a8,0x00000000f9680000)
  to   space 29184K, 0% used [0x00000000f5d80000,0x00000000f5d80000,0x00000000f7a00000)
 ParOldGen       total 126976K, used 47995K [0x00000000a0000000, 0x00000000a7c00000, 0x00000000e0000000)
  object space 126976K, 37% used [0x00000000a0000000,0x00000000a2edede0,0x00000000a7c00000)
 Metaspace       used 75868K, capacity 79094K, committed 79360K, reserved 1118208K
  class space    used 9818K, capacity 10456K, committed 10496K, reserved 1048576K
Event: 589.313 GC heap after
Heap after GC invocations=18 (full 3):
 PSYoungGen      total 387072K, used 4216K [0x00000000e0000000, 0x0000000100000000, 0x0000000100000000)
  eden space 357888K, 0% used [0x00000000e0000000,0x00000000e0000000,0x00000000f5d80000)
  from space 29184K, 14% used [0x00000000f5d80000,0x00000000f619e030,0x00000000f7a00000)
  to   space 29184K, 0% used [0x00000000fe380000,0x00000000fe380000,0x0000000100000000)
 ParOldGen       total 126976K, used 52669K [0x00000000a0000000, 0x00000000a7c00000, 0x00000000e0000000)
  object space 126976K, 41% used [0x00000000a0000000,0x00000000a336f668,0x00000000a7c00000)
 Metaspace       used 75868K, capacity 79094K, committed 79360K, reserved 1118208K
  class space    used 9818K, capacity 10456K, committed 10496K, reserved 1048576K
}
Event: 594.760 GC heap before
{Heap before GC invocations=19 (full 3):
 PSYoungGen      total 387072K, used 362104K [0x00000000e0000000, 0x0000000100000000, 0x0000000100000000)
  eden space 357888K, 100% used [0x00000000e0000000,0x00000000f5d80000,0x00000000f5d80000)
  from space 29184K, 14% used [0x00000000f5d80000,0x00000000f619e030,0x00000000f7a00000)
  to   space 29184K, 0% used [0x00000000fe380000,0x00000000fe380000,0x0000000100000000)
 ParOldGen       total 126976K, used 52669K [0x00000000a0000000, 0x00000000a7c00000, 0x00000000e0000000)
  object space 126976K, 41% used [0x00000000a0000000,0x00000000a336f668,0x00000000a7c00000)
 Metaspace       used 84655K, capacity 88092K, committed 88192K, reserved 1126400K
  class space    used 10885K, capacity 11587K, committed 11648K, reserved 1048576K
Event: 594.788 GC heap after
Heap after GC invocations=19 (full 3):
 PSYoungGen      total 478720K, used 13019K [0x00000000e0000000, 0x00000000ff680000, 0x0000000100000000)
  eden space 459264K, 0% used [0x00000000e0000000,0x00000000e0000000,0x00000000fc080000)
  from space 19456K, 66% used [0x00000000fe380000,0x00000000ff036f98,0x00000000ff680000)
  to   space 27648K, 0% used [0x00000000fc080000,0x00000000fc080000,0x00000000fdb80000)
 ParOldGen       total 126976K, used 55222K [0x00000000a0000000, 0x00000000a7c00000, 0x00000000e0000000)
  object space 126976K, 43% used [0x00000000a0000000,0x00000000a35ed898,0x00000000a7c00000)
 Metaspace       used 84655K, capacity 88092K, committed 88192K, reserved 1126400K
  class space    used 10885K, capacity 11587K, committed 11648K, reserved 1048576K
}
Event: 599.060 GC heap before
{Heap before GC invocations=20 (full 3):
 PSYoungGen      total 478720K, used 472283K [0x00000000e0000000, 0x00000000ff680000, 0x0000000100000000)
  eden space 459264K, 100% used [0x00000000e0000000,0x00000000fc080000,0x00000000fc080000)
  from space 19456K, 66% used [0x00000000fe380000,0x00000000ff036f98,0x00000000ff680000)
  to   space 27648K, 0% used [0x00000000fc080000,0x00000000fc080000,0x00000000fdb80000)
 ParOldGen       total 126976K, used 55222K [0x00000000a0000000, 0x00000000a7c00000, 0x00000000e0000000)
  object space 126976K, 43% used [0x00000000a0000000,0x00000000a35ed898,0x00000000a7c00000)
 Metaspace       used 91198K, capacity 95314K, committed 95488K, reserved 1132544K
  class space    used 11750K, capacity 12538K, committed 12544K, reserved 1048576K
Event: 599.101 GC heap after
Heap after GC invocations=20 (full 3):
 PSYoungGen      total 486912K, used 20282K [0x00000000e0000000, 0x0000000100000000, 0x0000000100000000)
  eden space 459264K, 0% used [0x00000000e0000000,0x00000000e0000000,0x00000000fc080000)
  from space 27648K, 73% used [0x00000000fc080000,0x00000000fd44eb00,0x00000000fdb80000)
  to   space 29184K, 0% used [0x00000000fe380000,0x00000000fe380000,0x0000000100000000)
 ParOldGen       total 126976K, used 55222K [0x00000000a0000000, 0x00000000a7c00000, 0x00000000e0000000)
  object space 126976K, 43% used [0x00000000a0000000,0x00000000a35ed898,0x00000000a7c00000)
 Metaspace       used 91198K, capacity 95314K, committed 95488K, reserved 1132544K
  class space    used 11750K, capacity 12538K, committed 12544K, reserved 1048576K
}
Event: 601.332 GC heap before
{Heap before GC invocations=21 (full 3):
 PSYoungGen      total 486912K, used 479546K [0x00000000e0000000, 0x0000000100000000, 0x0000000100000000)
  eden space 459264K, 100% used [0x00000000e0000000,0x00000000fc080000,0x00000000fc080000)
  from space 27648K, 73% used [0x00000000fc080000,0x00000000fd44eb00,0x00000000fdb80000)
  to   space 29184K, 0% used [0x00000000fe380000,0x00000000fe380000,0x0000000100000000)
 ParOldGen       total 126976K, used 55222K [0x00000000a0000000, 0x00000000a7c00000, 0x00000000e0000000)
  object space 126976K, 43% used [0x00000000a0000000,0x00000000a35ed898,0x00000000a7c00000)
 Metaspace       used 91554K, capacity 95782K, committed 95872K, reserved 1132544K
  class space    used 11790K, capacity 12594K, committed 12672K, reserved 1048576K
Event: 601.383 GC heap after
Heap after GC invocations=21 (full 3):
 PSYoungGen      total 487936K, used 25812K [0x00000000e0000000, 0x0000000100000000, 0x0000000100000000)
  eden space 458752K, 0% used [0x00000000e0000000,0x00000000e0000000,0x00000000fc000000)
  from space 29184K, 88% used [0x00000000fe380000,0x00000000ffcb5388,0x0000000100000000)
  to   space 32768K, 0% used [0x00000000fc000000,0x00000000fc000000,0x00000000fe000000)
 ParOldGen       total 126976K, used 55230K [0x00000000a0000000, 0x00000000a7c00000, 0x00000000e0000000)
  object space 126976K, 43% used [0x00000000a0000000,0x00000000a35ef898,0x00000000a7c00000)
 Metaspace       used 91554K, capacity 95782K, committed 95872K, reserved 1132544K
  class space    used 11790K, capacity 12594K, committed 12672K, reserved 1048576K
}

Deoptimization events (10 events):
Event: 599.860 Thread 0x000000001fcd2000 Uncommon trap: reason=bimorphic action=maybe_recompile pc=0x00000000049b37f8 method=com.google.common.collect.ImmutableSet$Builder.addDeduping(Ljava/lang/Object;)V @ 9
Event: 599.862 Thread 0x000000001fcd2000 Uncommon trap: reason=unstable_if action=reinterpret pc=0x0000000005788aa8 method=org.gradle.api.internal.file.pattern.PatternMatcherFactory$PathMatcherBackedSpec.isSatisfiedBy(Lorg/gradle/api/file/RelativePath;)Z @ 11
Event: 599.862 Thread 0x000000001fcd2000 Uncommon trap: reason=unstable_if action=reinterpret pc=0x000000000571b6a4 method=org.gradle.api.internal.file.pattern.FixedStepPathMatcher.matches([Ljava/lang/String;I)Z @ 35
Event: 599.888 Thread 0x000000001fcd2000 Uncommon trap: reason=class_check action=maybe_recompile pc=0x000000000322d224 method=java.lang.StringCoding.encode(Ljava/nio/charset/Charset;[CII)[B @ 1
Event: 599.898 Thread 0x000000001fcd2000 Uncommon trap: reason=unstable_if action=reinterpret pc=0x0000000004dd86b0 method=java.lang.Character.isSurrogate(C)Z @ 3
Event: 600.103 Thread 0x000000001d12e000 Uncommon trap: reason=unstable_if action=reinterpret pc=0x000000000505cca8 method=java.nio.file.FileTreeWalker.getAttributes(Ljava/nio/file/Path;Z)Ljava/nio/file/attribute/BasicFileAttributes; @ 35
Event: 600.103 Thread 0x000000001d12e000 Uncommon trap: reason=unstable_if action=reinterpret pc=0x0000000004c7c7c0 method=java.nio.file.FileTreeWalker.getAttributes(Ljava/nio/file/Path;Z)Ljava/nio/file/attribute/BasicFileAttributes; @ 35
Event: 600.111 Thread 0x000000001d12e000 Uncommon trap: reason=unstable_if action=reinterpret pc=0x00000000058638a4 method=sun.nio.ch.Util$BufferCache.get(I)Ljava/nio/ByteBuffer; @ 47
Event: 601.399 Thread 0x000000001d128000 Uncommon trap: reason=unstable_if action=reinterpret pc=0x0000000005b575c8 method=com.android.tools.r8.ir.code.ValueType.c()Z @ 4
Event: 602.277 Thread 0x000000001d124800 Uncommon trap: reason=unstable_if action=reinterpret pc=0x0000000005988a88 method=com.android.tools.r8.graph.DexString.slowCompareTo(Lcom/android/tools/r8/graph/DexString;)I @ 141

Classes redefined (0 events):
No events

Internal exceptions (10 events):
Event: 601.301 Thread 0x000000001d12e000 Exception <a 'sun/nio/fs/WindowsException'> (0x00000000f15d3ce8) thrown at [D:\src\AOSP-openjdk-cygwin\jdk8u\hotspot\src\share\vm\prims\jni.cpp, line 710]
Event: 601.489 Thread 0x000000001d12e000 Exception <a 'sun/nio/fs/WindowsException'> (0x00000000e10fb0c0) thrown at [D:\src\AOSP-openjdk-cygwin\jdk8u\hotspot\src\share\vm\prims\jni.cpp, line 710]
Event: 601.586 Thread 0x000000001d12e000 Exception <a 'sun/nio/fs/WindowsException'> (0x00000000e1102448) thrown at [D:\src\AOSP-openjdk-cygwin\jdk8u\hotspot\src\share\vm\prims\jni.cpp, line 710]
Event: 601.988 Thread 0x000000001d12e000 Exception <a 'sun/nio/fs/WindowsException'> (0x00000000e11197f8) thrown at [D:\src\AOSP-openjdk-cygwin\jdk8u\hotspot\src\share\vm\prims\jni.cpp, line 710]
Event: 602.070 Thread 0x000000001d12e000 Exception <a 'sun/nio/fs/WindowsException'> (0x00000000e111fde0) thrown at [D:\src\AOSP-openjdk-cygwin\jdk8u\hotspot\src\share\vm\prims\jni.cpp, line 710]
Event: 602.169 Thread 0x000000001d12e000 Exception <a 'sun/nio/fs/WindowsException'> (0x00000000e1126a80) thrown at [D:\src\AOSP-openjdk-cygwin\jdk8u\hotspot\src\share\vm\prims\jni.cpp, line 710]
Event: 602.222 Thread 0x000000001d12e000 Exception <a 'sun/nio/fs/WindowsException'> (0x00000000e8fd6570) thrown at [D:\src\AOSP-openjdk-cygwin\jdk8u\hotspot\src\share\vm\prims\jni.cpp, line 710]
Event: 602.359 Thread 0x000000001d12e000 Exception <a 'sun/nio/fs/WindowsException'> (0x00000000e901f820) thrown at [D:\src\AOSP-openjdk-cygwin\jdk8u\hotspot\src\share\vm\prims\jni.cpp, line 710]
Event: 602.457 Thread 0x000000001d124800 Exception <a 'sun/nio/fs/WindowsException'> (0x00000000ea1a94c8) thrown at [D:\src\AOSP-openjdk-cygwin\jdk8u\hotspot\src\share\vm\prims\jni.cpp, line 710]
Event: 602.748 Thread 0x000000001d12e000 Exception <a 'sun/nio/fs/WindowsException'> (0x00000000e9025f98) thrown at [D:\src\AOSP-openjdk-cygwin\jdk8u\hotspot\src\share\vm\prims\jni.cpp, line 710]

Events (10 events):
Event: 602.490 Thread 0x000000001d128000 DEOPT PACKING pc=0x0000000005949867 sp=0x000000002445ac90
Event: 602.490 Thread 0x000000001d128000 DEOPT UNPACKING pc=0x0000000002fb75d0 sp=0x000000002445a9b0 mode 0
Event: 602.564 Thread 0x000000001d12b000 DEOPT PACKING pc=0x0000000005a3dbac sp=0x000000002455afd0
Event: 602.564 Thread 0x000000001d12b000 DEOPT UNPACKING pc=0x0000000002fb75d0 sp=0x000000002455adb8 mode 0
Event: 602.626 Thread 0x000000001d128000 DEOPT PACKING pc=0x0000000005c3b976 sp=0x000000002445a8b0
Event: 602.626 Thread 0x000000001d128000 DEOPT UNPACKING pc=0x0000000002fb75d0 sp=0x000000002445a8c0 mode 0
Event: 602.696 Thread 0x000000001d12b000 DEOPT PACKING pc=0x0000000005a3dbac sp=0x000000002455afd0
Event: 602.696 Thread 0x000000001d12b000 DEOPT UNPACKING pc=0x0000000002fb75d0 sp=0x000000002455adb8 mode 0
Event: 602.788 Thread 0x000000001d128000 DEOPT PACKING pc=0x0000000005a3dbac sp=0x000000002445ada0
Event: 602.788 Thread 0x000000001d128000 DEOPT UNPACKING pc=0x0000000002fb75d0 sp=0x000000002445ab88 mode 0


Dynamic libraries:
0x00007ff792790000 - 0x00007ff7927c1000 	C:\Program Files\Android\Android Studio\jre\bin\java.exe
0x00007ffdd5380000 - 0x00007ffdd5570000 	C:\Windows\SYSTEM32\ntdll.dll
0x00007ffdd4390000 - 0x00007ffdd4442000 	C:\Windows\System32\KERNEL32.DLL
0x00007ffdd2700000 - 0x00007ffdd29a3000 	C:\Windows\System32\KERNELBASE.dll
0x00007ffdd4c70000 - 0x00007ffdd4d13000 	C:\Windows\System32\ADVAPI32.dll
0x00007ffdd4940000 - 0x00007ffdd49de000 	C:\Windows\System32\msvcrt.dll
0x00007ffdd4ee0000 - 0x00007ffdd4f77000 	C:\Windows\System32\sechost.dll
0x00007ffdd4d50000 - 0x00007ffdd4e70000 	C:\Windows\System32\RPCRT4.dll
0x00007ffdd3a40000 - 0x00007ffdd3bd4000 	C:\Windows\System32\USER32.dll
0x00007ffdd33a0000 - 0x00007ffdd33c1000 	C:\Windows\System32\win32u.dll
0x00007ffdd4d20000 - 0x00007ffdd4d46000 	C:\Windows\System32\GDI32.dll
0x00007ffdd2440000 - 0x00007ffdd25d4000 	C:\Windows\System32\gdi32full.dll
0x00007ffdd3300000 - 0x00007ffdd339e000 	C:\Windows\System32\msvcp_win.dll
0x00007ffdd25e0000 - 0x00007ffdd26da000 	C:\Windows\System32\ucrtbase.dll
0x00007ffdc4400000 - 0x00007ffdc4685000 	C:\Windows\WinSxS\amd64_microsoft.windows.common-controls_6595b64144ccf1df_6.0.18362.592_none_e6c0b1911312be02\COMCTL32.dll
0x00007ffdd4520000 - 0x00007ffdd4856000 	C:\Windows\System32\combase.dll
0x00007ffdd2310000 - 0x00007ffdd2390000 	C:\Windows\System32\bcryptPrimitives.dll
0x00007ffdd4c40000 - 0x00007ffdd4c6e000 	C:\Windows\System32\IMM32.DLL
0x00000000719b0000 - 0x0000000071a82000 	C:\Program Files\Android\Android Studio\jre\jre\bin\msvcr100.dll
0x0000000071b70000 - 0x00000000723b6000 	C:\Program Files\Android\Android Studio\jre\jre\bin\server\jvm.dll
0x00007ffdd4860000 - 0x00007ffdd4868000 	C:\Windows\System32\PSAPI.DLL
0x00007ffdbbd80000 - 0x00007ffdbbd89000 	C:\Windows\SYSTEM32\WSOCK32.dll
0x00007ffdcd220000 - 0x00007ffdcd22a000 	C:\Windows\SYSTEM32\VERSION.dll
0x00007ffdd0330000 - 0x00007ffdd0354000 	C:\Windows\SYSTEM32\WINMM.dll
0x00007ffdd4bd0000 - 0x00007ffdd4c3f000 	C:\Windows\System32\WS2_32.dll
0x00007ffdd0300000 - 0x00007ffdd032d000 	C:\Windows\SYSTEM32\winmmbase.dll
0x00007ffdd29b0000 - 0x00007ffdd29fa000 	C:\Windows\System32\cfgmgr32.dll
0x00007ffdbbd70000 - 0x00007ffdbbd7f000 	C:\Program Files\Android\Android Studio\jre\jre\bin\verify.dll
0x00007ffdbbd40000 - 0x00007ffdbbd69000 	C:\Program Files\Android\Android Studio\jre\jre\bin\java.dll
0x00007ffdbbd20000 - 0x00007ffdbbd36000 	C:\Program Files\Android\Android Studio\jre\jre\bin\zip.dll
0x00007ffdd3ca0000 - 0x00007ffdd4385000 	C:\Windows\System32\SHELL32.dll
0x00007ffdd4fa0000 - 0x00007ffdd5049000 	C:\Windows\System32\shcore.dll
0x00007ffdd2b80000 - 0x00007ffdd32ff000 	C:\Windows\System32\windows.storage.dll
0x00007ffdd22d0000 - 0x00007ffdd22ef000 	C:\Windows\System32\profapi.dll
0x00007ffdd2280000 - 0x00007ffdd22ca000 	C:\Windows\System32\powrprof.dll
0x00007ffdd2250000 - 0x00007ffdd2260000 	C:\Windows\System32\UMPDC.dll
0x00007ffdd4e70000 - 0x00007ffdd4ec2000 	C:\Windows\System32\shlwapi.dll
0x00007ffdd2260000 - 0x00007ffdd2271000 	C:\Windows\System32\kernel.appcore.dll
0x00007ffdd26e0000 - 0x00007ffdd26f7000 	C:\Windows\System32\cryptsp.dll
0x00007ffdbaa30000 - 0x00007ffdbaa4a000 	C:\Program Files\Android\Android Studio\jre\jre\bin\net.dll
0x00007ffdd1ac0000 - 0x00007ffdd1b27000 	C:\Windows\system32\mswsock.dll
0x00007ffdba650000 - 0x00007ffdba661000 	C:\Program Files\Android\Android Studio\jre\jre\bin\nio.dll
0x00007ffdcd3b0000 - 0x00007ffdcd3d6000 	C:\Users\Kalzira\.gradle\native\29\windows-amd64\native-platform.dll
0x00007ffdba490000 - 0x00007ffdba49d000 	C:\Program Files\Android\Android Studio\jre\jre\bin\management.dll
0x00007ffdd15d0000 - 0x00007ffdd1603000 	C:\Windows\system32\rsaenh.dll
0x00007ffdd2a00000 - 0x00007ffdd2a26000 	C:\Windows\System32\bcrypt.dll
0x00007ffdd2140000 - 0x00007ffdd2165000 	C:\Windows\SYSTEM32\USERENV.dll
0x00007ffdd1c90000 - 0x00007ffdd1c9c000 	C:\Windows\SYSTEM32\CRYPTBASE.dll
0x00007ffdd17d0000 - 0x00007ffdd180a000 	C:\Windows\SYSTEM32\IPHLPAPI.DLL
0x00007ffdd4ed0000 - 0x00007ffdd4ed8000 	C:\Windows\System32\NSI.dll
0x00007ffdc9f70000 - 0x00007ffdc9f86000 	C:\Windows\SYSTEM32\dhcpcsvc6.DLL
0x00007ffdcacc0000 - 0x00007ffdcacdc000 	C:\Windows\SYSTEM32\dhcpcsvc.DLL
0x00007ffdd1810000 - 0x00007ffdd18da000 	C:\Windows\SYSTEM32\DNSAPI.dll
0x00007ffda2100000 - 0x00007ffda229c000 	C:\Program Files\Android\Android Studio\jre\jre\bin\awt.dll
0x00007ffdd4450000 - 0x00007ffdd4514000 	C:\Windows\System32\OLEAUT32.dll
0x00007ffdd09f0000 - 0x00007ffdd0a1d000 	C:\Windows\SYSTEM32\dwmapi.dll
0x00007ffdced80000 - 0x00007ffdcf340000 	C:\Windows\SYSTEM32\d2d1.dll
0x00007ffdd04d0000 - 0x00007ffdd055f000 	C:\Windows\SYSTEM32\apphelp.dll
0x00007ffdd05d0000 - 0x00007ffdd0669000 	C:\Windows\system32\uxtheme.dll

VM Arguments:
jvm_args: -Xmx1536m -Dfile.encoding=windows-1251 -Duser.country=RU -Duser.language=ru -Duser.variant 
java_command: org.gradle.launcher.daemon.bootstrap.GradleDaemon 5.4.1
java_class_path (initial): C:\Users\Kalzira\.gradle\wrapper\dists\gradle-5.4.1-all\3221gyojl5jsh0helicew7rwx\gradle-5.4.1\lib\gradle-launcher-5.4.1.jar
Launcher Type: SUN_STANDARD

Environment Variables:
PATH=C:\Program Files (x86)\Common Files\Oracle\Java\javapath;C:\Windows\system32;C:\Windows;C:\Windows\System32\Wbem;C:\Windows\System32\WindowsPowerShell\v1.0\;C:\Users\Kalzira\AppData\Local\Microsoft\WindowsApps;
USERNAME=Kalzira
OS=Windows_NT
PROCESSOR_IDENTIFIER=Intel64 Family 6 Model 142 Stepping 10, GenuineIntel



---------------  S Y S T E M  ---------------

OS: Windows 10.0 , 64 bit Build 18362 (10.0.18362.329)

CPU:total 4 (initial active 4) (2 cores per cpu, 2 threads per core) family 6 model 142 stepping 10, cmov, cx8, fxsr, mmx, sse, sse2, sse3, ssse3, sse4.1, sse4.2, popcnt, avx, avx2, aes, clmul, erms, 3dnowpref, lzcnt, ht, tsc, tscinvbit, bmi1, bmi2, adx

Memory: 4k page, physical 8295652k(1500508k free), swap 8295652k(5200k free)

vm_info: OpenJDK 64-Bit Server VM (25.202-b03) for windows-amd64 JRE (1.8.0_202-release-1483-b03), built by "builder" with MS VC++ 10.0 (VS2010)

time: Fri Feb 28 21:27:24 2020
timezone: RTZ 2 (зима)
elapsed time: 602 seconds (0d 0h 10m 2s)

